
*** Running vivado
    with args -log ram_memory.vdi -applog -m64 -product Vivado -messageDb vivado.pb -mode batch -source ram_memory.tcl -notrace


****** Vivado v2018.2 (64-bit)
  **** SW Build 2258646 on Thu Jun 14 20:03:12 MDT 2018
  **** IP Build 2256618 on Thu Jun 14 22:10:49 MDT 2018
    ** Copyright 1986-2018 Xilinx, Inc. All Rights Reserved.

source ram_memory.tcl -notrace
Command: link_design -top ram_memory -part xc7z030iffg676-2L
Design is defaulting to srcset: sources_1
Design is defaulting to constrset: constrs_1
INFO: [Netlist 29-17] Analyzing 5 Unisim elements for replacement
INFO: [Netlist 29-28] Unisim Transformation completed in 1 CPU seconds
INFO: [Project 1-479] Netlist was created with Vivado 2018.2
INFO: [Device 21-403] Loading part xc7z030iffg676-2L
INFO: [Project 1-570] Preparing netlist for logic optimization
Parsing XDC File [E:/previous assignments/DigitalSystemsAndMicroprocessors/assignment2_revised/demos/Solutions/Solution3b/Solution3b.srcs/constrs_1/new/t1.xdc]
Finished Parsing XDC File [E:/previous assignments/DigitalSystemsAndMicroprocessors/assignment2_revised/demos/Solutions/Solution3b/Solution3b.srcs/constrs_1/new/t1.xdc]
INFO: [Opt 31-138] Pushed 0 inverter(s) to 0 load pin(s).
INFO: [Project 1-111] Unisim Transformation Summary:
No Unisim elements were transformed.

7 Infos, 0 Warnings, 0 Critical Warnings and 0 Errors encountered.
link_design completed successfully
link_design: Time (s): cpu = 00:00:09 ; elapsed = 00:00:11 . Memory (MB): peak = 616.035 ; gain = 367.676
Command: opt_design
Attempting to get a license for feature 'Implementation' and/or device 'xc7z030i'
INFO: [Common 17-349] Got license for feature 'Implementation' and/or device 'xc7z030i'
Running DRC as a precondition to command opt_design

Starting DRC Task
INFO: [DRC 23-27] Running DRC with 2 threads
INFO: [Project 1-461] DRC finished with 0 Errors
INFO: [Project 1-462] Please refer to the DRC report (report_drc) for more information.

Time (s): cpu = 00:00:01 ; elapsed = 00:00:00.823 . Memory (MB): peak = 628.816 ; gain = 12.781

Starting Cache Timing Information Task
INFO: [Timing 38-35] Done setting XDC timing constraints.
Ending Cache Timing Information Task | Checksum: 240172bb5

Time (s): cpu = 00:00:13 ; elapsed = 00:00:14 . Memory (MB): peak = 960.582 ; gain = 331.766

Starting Logic Optimization Task

Phase 1 Retarget
INFO: [Opt 31-138] Pushed 0 inverter(s) to 0 load pin(s).
INFO: [Opt 31-49] Retargeted 0 cell(s).
Phase 1 Retarget | Checksum: 240172bb5

Time (s): cpu = 00:00:00 ; elapsed = 00:00:00.010 . Memory (MB): peak = 960.582 ; gain = 0.000
INFO: [Opt 31-389] Phase Retarget created 0 cells and removed 0 cells

Phase 2 Constant propagation
INFO: [Opt 31-138] Pushed 0 inverter(s) to 0 load pin(s).
Phase 2 Constant propagation | Checksum: 240172bb5

Time (s): cpu = 00:00:00 ; elapsed = 00:00:00.011 . Memory (MB): peak = 960.582 ; gain = 0.000
INFO: [Opt 31-389] Phase Constant propagation created 0 cells and removed 0 cells

Phase 3 Sweep
Phase 3 Sweep | Checksum: 240172bb5

Time (s): cpu = 00:00:00 ; elapsed = 00:00:00.012 . Memory (MB): peak = 960.582 ; gain = 0.000
INFO: [Opt 31-389] Phase Sweep created 0 cells and removed 0 cells

Phase 4 BUFG optimization
Phase 4 BUFG optimization | Checksum: 240172bb5

Time (s): cpu = 00:00:00 ; elapsed = 00:00:00.014 . Memory (MB): peak = 960.582 ; gain = 0.000
INFO: [Opt 31-662] Phase BUFG optimization created 0 cells of which 0 are BUFGs and removed 0 cells.

Phase 5 Shift Register Optimization
Phase 5 Shift Register Optimization | Checksum: 240172bb5

Time (s): cpu = 00:00:00 ; elapsed = 00:00:00.016 . Memory (MB): peak = 960.582 ; gain = 0.000
INFO: [Opt 31-389] Phase Shift Register Optimization created 0 cells and removed 0 cells

Phase 6 Post Processing Netlist
Phase 6 Post Processing Netlist | Checksum: 240172bb5

Time (s): cpu = 00:00:00 ; elapsed = 00:00:00.017 . Memory (MB): peak = 960.582 ; gain = 0.000
INFO: [Opt 31-389] Phase Post Processing Netlist created 0 cells and removed 0 cells

Starting Connectivity Check Task

Time (s): cpu = 00:00:00 ; elapsed = 00:00:00 . Memory (MB): peak = 960.582 ; gain = 0.000
Ending Logic Optimization Task | Checksum: 240172bb5

Time (s): cpu = 00:00:00 ; elapsed = 00:00:00.019 . Memory (MB): peak = 960.582 ; gain = 0.000

Starting Power Optimization Task
INFO: [Pwropt 34-132] Skipping clock gating for clocks with a period < 2.00 ns.
Ending Power Optimization Task | Checksum: 240172bb5

Time (s): cpu = 00:00:00 ; elapsed = 00:00:00.009 . Memory (MB): peak = 960.582 ; gain = 0.000

Starting Final Cleanup Task
Ending Final Cleanup Task | Checksum: 240172bb5

Time (s): cpu = 00:00:00 ; elapsed = 00:00:00 . Memory (MB): peak = 960.582 ; gain = 0.000
INFO: [Common 17-83] Releasing license: Implementation
23 Infos, 0 Warnings, 0 Critical Warnings and 0 Errors encountered.
opt_design completed successfully
opt_design: Time (s): cpu = 00:00:14 ; elapsed = 00:00:15 . Memory (MB): peak = 960.582 ; gain = 344.547
INFO: [Timing 38-480] Writing timing data to binary archive.
Writing placer database...
Writing XDEF routing.
Writing XDEF routing logical nets.
Writing XDEF routing special nets.
Write XDEF Complete: Time (s): cpu = 00:00:00 ; elapsed = 00:00:00.065 . Memory (MB): peak = 960.582 ; gain = 0.000
INFO: [Common 17-1381] The checkpoint 'E:/previous assignments/DigitalSystemsAndMicroprocessors/assignment2_revised/demos/Solutions/Solution3b/Solution3b.runs/impl_1/ram_memory_opt.dcp' has been generated.
INFO: [runtcl-4] Executing : report_drc -file ram_memory_drc_opted.rpt -pb ram_memory_drc_opted.pb -rpx ram_memory_drc_opted.rpx
Command: report_drc -file ram_memory_drc_opted.rpt -pb ram_memory_drc_opted.pb -rpx ram_memory_drc_opted.rpx
INFO: [IP_Flow 19-234] Refreshing IP repositories
INFO: [IP_Flow 19-1704] No user IP repositories specified
INFO: [IP_Flow 19-2313] Loaded Vivado IP repository 'E:/Xilinx2018.2/Vivado/2018.2/data/ip'.
INFO: [DRC 23-27] Running DRC with 2 threads
INFO: [Coretcl 2-168] The results of DRC are in file E:/previous assignments/DigitalSystemsAndMicroprocessors/assignment2_revised/demos/Solutions/Solution3b/Solution3b.runs/impl_1/ram_memory_drc_opted.rpt.
report_drc completed successfully
Command: place_design
Attempting to get a license for feature 'Implementation' and/or device 'xc7z030i'
INFO: [Common 17-349] Got license for feature 'Implementation' and/or device 'xc7z030i'
INFO: [DRC 23-27] Running DRC with 2 threads
INFO: [Vivado_Tcl 4-198] DRC finished with 0 Errors
INFO: [Vivado_Tcl 4-199] Please refer to the DRC report (report_drc) for more information.
Running DRC as a precondition to command place_design
INFO: [DRC 23-27] Running DRC with 2 threads
INFO: [Vivado_Tcl 4-198] DRC finished with 0 Errors
INFO: [Vivado_Tcl 4-199] Please refer to the DRC report (report_drc) for more information.

Starting Placer Task
INFO: [Place 30-611] Multithreading enabled for place_design using a maximum of 2 CPUs

Phase 1 Placer Initialization

Phase 1.1 Placer Initialization Netlist Sorting
Netlist sorting complete. Time (s): cpu = 00:00:00 ; elapsed = 00:00:00 . Memory (MB): peak = 972.277 ; gain = 0.000
Phase 1.1 Placer Initialization Netlist Sorting | Checksum: 1560ae444

Time (s): cpu = 00:00:00 ; elapsed = 00:00:00.005 . Memory (MB): peak = 972.277 ; gain = 0.000
Netlist sorting complete. Time (s): cpu = 00:00:00 ; elapsed = 00:00:00.001 . Memory (MB): peak = 972.277 ; gain = 0.000

Phase 1.2 IO Placement/ Clock Placement/ Build Placer Device
INFO: [Timing 38-35] Done setting XDC timing constraints.
Phase 1.2 IO Placement/ Clock Placement/ Build Placer Device | Checksum: 1657993f6

Time (s): cpu = 00:00:02 ; elapsed = 00:00:01 . Memory (MB): peak = 997.156 ; gain = 24.879

Phase 1.3 Build Placer Netlist Model
Phase 1.3 Build Placer Netlist Model | Checksum: 1a3367715

Time (s): cpu = 00:00:02 ; elapsed = 00:00:02 . Memory (MB): peak = 999.824 ; gain = 27.547

Phase 1.4 Constrain Clocks/Macros
Phase 1.4 Constrain Clocks/Macros | Checksum: 1a3367715

Time (s): cpu = 00:00:02 ; elapsed = 00:00:02 . Memory (MB): peak = 999.824 ; gain = 27.547
Phase 1 Placer Initialization | Checksum: 1a3367715

Time (s): cpu = 00:00:02 ; elapsed = 00:00:02 . Memory (MB): peak = 999.824 ; gain = 27.547

Phase 2 Global Placement

Phase 2.1 Floorplanning
Phase 2.1 Floorplanning | Checksum: 19830e6e3

Time (s): cpu = 00:00:02 ; elapsed = 00:00:02 . Memory (MB): peak = 999.824 ; gain = 27.547

Phase 2.2 Physical Synthesis In Placer
INFO: [Physopt 32-65] No nets found for high-fanout optimization.
INFO: [Physopt 32-232] Optimized 0 net. Created 0 new instance.
INFO: [Physopt 32-775] End 1 Pass. Optimized 0 net or cell. Created 0 new cell, deleted 0 existing cell and moved 0 existing cell
Netlist sorting complete. Time (s): cpu = 00:00:00 ; elapsed = 00:00:00 . Memory (MB): peak = 999.824 ; gain = 0.000

Summary of Physical Synthesis Optimizations
============================================


-----------------------------------------------------------------------------------------------------------------------------
|  Optimization       |  Added Cells  |  Removed Cells  |  Optimized Cells/Nets  |  Dont Touch  |  Iterations  |  Elapsed   |
-----------------------------------------------------------------------------------------------------------------------------
|  Very High Fanout   |            0  |              0  |                     0  |           0  |           1  |  00:00:00  |
|  Total              |            0  |              0  |                     0  |           0  |           1  |  00:00:00  |
-----------------------------------------------------------------------------------------------------------------------------


Phase 2.2 Physical Synthesis In Placer | Checksum: 17332e9f5

Time (s): cpu = 00:00:04 ; elapsed = 00:00:02 . Memory (MB): peak = 999.824 ; gain = 27.547
Phase 2 Global Placement | Checksum: 22ed1fabb

Time (s): cpu = 00:00:04 ; elapsed = 00:00:03 . Memory (MB): peak = 999.824 ; gain = 27.547

Phase 3 Detail Placement

Phase 3.1 Commit Multi Column Macros
Phase 3.1 Commit Multi Column Macros | Checksum: 22ed1fabb

Time (s): cpu = 00:00:04 ; elapsed = 00:00:03 . Memory (MB): peak = 999.824 ; gain = 27.547

Phase 3.2 Commit Most Macros & LUTRAMs
Phase 3.2 Commit Most Macros & LUTRAMs | Checksum: 25ca3ac49

Time (s): cpu = 00:00:04 ; elapsed = 00:00:03 . Memory (MB): peak = 999.824 ; gain = 27.547

Phase 3.3 Area Swap Optimization
Phase 3.3 Area Swap Optimization | Checksum: 1658ccc4d

Time (s): cpu = 00:00:04 ; elapsed = 00:00:03 . Memory (MB): peak = 999.824 ; gain = 27.547

Phase 3.4 Pipeline Register Optimization
Phase 3.4 Pipeline Register Optimization | Checksum: 1658ccc4d

Time (s): cpu = 00:00:04 ; elapsed = 00:00:03 . Memory (MB): peak = 999.824 ; gain = 27.547

Phase 3.5 Small Shape Detail Placement
Phase 3.5 Small Shape Detail Placement | Checksum: 215895312

Time (s): cpu = 00:00:04 ; elapsed = 00:00:03 . Memory (MB): peak = 999.824 ; gain = 27.547

Phase 3.6 Re-assign LUT pins
Phase 3.6 Re-assign LUT pins | Checksum: 215895312

Time (s): cpu = 00:00:04 ; elapsed = 00:00:03 . Memory (MB): peak = 999.824 ; gain = 27.547

Phase 3.7 Pipeline Register Optimization
Phase 3.7 Pipeline Register Optimization | Checksum: 215895312

Time (s): cpu = 00:00:04 ; elapsed = 00:00:03 . Memory (MB): peak = 999.824 ; gain = 27.547
Phase 3 Detail Placement | Checksum: 215895312

Time (s): cpu = 00:00:04 ; elapsed = 00:00:03 . Memory (MB): peak = 999.824 ; gain = 27.547

Phase 4 Post Placement Optimization and Clean-Up

Phase 4.1 Post Commit Optimization
INFO: [Timing 38-35] Done setting XDC timing constraints.

Phase 4.1.1 Post Placement Optimization
Post Placement Optimization Initialization | Checksum: 1a578a49f

Phase 4.1.1.1 BUFG Insertion
INFO: [Place 46-31] BUFG insertion identified 0 candidate nets, 0 success, 0 skipped for placement/routing, 0 skipped for timing, 0 skipped for netlist change reason.
Phase 4.1.1.1 BUFG Insertion | Checksum: 1a578a49f

Time (s): cpu = 00:00:04 ; elapsed = 00:00:03 . Memory (MB): peak = 1014.891 ; gain = 42.613
INFO: [Place 30-746] Post Placement Timing Summary WNS=0.000. For the most accurate timing information please run report_timing.
Phase 4.1.1 Post Placement Optimization | Checksum: 14371b166

Time (s): cpu = 00:00:04 ; elapsed = 00:00:03 . Memory (MB): peak = 1014.891 ; gain = 42.613
Phase 4.1 Post Commit Optimization | Checksum: 14371b166

Time (s): cpu = 00:00:04 ; elapsed = 00:00:03 . Memory (MB): peak = 1014.891 ; gain = 42.613

Phase 4.2 Post Placement Cleanup
Phase 4.2 Post Placement Cleanup | Checksum: 14371b166

Time (s): cpu = 00:00:04 ; elapsed = 00:00:03 . Memory (MB): peak = 1014.891 ; gain = 42.613

Phase 4.3 Placer Reporting
Phase 4.3 Placer Reporting | Checksum: 14371b166

Time (s): cpu = 00:00:04 ; elapsed = 00:00:03 . Memory (MB): peak = 1014.891 ; gain = 42.613

Phase 4.4 Final Placement Cleanup
Phase 4.4 Final Placement Cleanup | Checksum: 14371b166

Time (s): cpu = 00:00:04 ; elapsed = 00:00:03 . Memory (MB): peak = 1014.891 ; gain = 42.613
Phase 4 Post Placement Optimization and Clean-Up | Checksum: 14371b166

Time (s): cpu = 00:00:04 ; elapsed = 00:00:03 . Memory (MB): peak = 1014.891 ; gain = 42.613
Ending Placer Task | Checksum: 1324b7219

Time (s): cpu = 00:00:05 ; elapsed = 00:00:03 . Memory (MB): peak = 1014.891 ; gain = 42.613
INFO: [Common 17-83] Releasing license: Implementation
47 Infos, 0 Warnings, 0 Critical Warnings and 0 Errors encountered.
place_design completed successfully
INFO: [Timing 38-480] Writing timing data to binary archive.
Writing placer database...
Writing XDEF routing.
Writing XDEF routing logical nets.
Writing XDEF routing special nets.
Write XDEF Complete: Time (s): cpu = 00:00:00 ; elapsed = 00:00:00.064 . Memory (MB): peak = 1017.289 ; gain = 2.398
INFO: [Common 17-1381] The checkpoint 'E:/previous assignments/DigitalSystemsAndMicroprocessors/assignment2_revised/demos/Solutions/Solution3b/Solution3b.runs/impl_1/ram_memory_placed.dcp' has been generated.
INFO: [runtcl-4] Executing : report_io -file ram_memory_io_placed.rpt
report_io: Time (s): cpu = 00:00:00 ; elapsed = 00:00:00.088 . Memory (MB): peak = 1020.309 ; gain = 0.000
INFO: [runtcl-4] Executing : report_utilization -file ram_memory_utilization_placed.rpt -pb ram_memory_utilization_placed.pb
report_utilization: Time (s): cpu = 00:00:00 ; elapsed = 00:00:00.073 . Memory (MB): peak = 1020.309 ; gain = 0.000
INFO: [runtcl-4] Executing : report_control_sets -verbose -file ram_memory_control_sets_placed.rpt
report_control_sets: Time (s): cpu = 00:00:00 ; elapsed = 00:00:00.002 . Memory (MB): peak = 1020.309 ; gain = 0.000
Command: route_design
Attempting to get a license for feature 'Implementation' and/or device 'xc7z030i'
INFO: [Common 17-349] Got license for feature 'Implementation' and/or device 'xc7z030i'
Running DRC as a precondition to command route_design
INFO: [DRC 23-27] Running DRC with 2 threads
INFO: [Vivado_Tcl 4-198] DRC finished with 0 Errors
INFO: [Vivado_Tcl 4-199] Please refer to the DRC report (report_drc) for more information.


Starting Routing Task
INFO: [Route 35-254] Multithreading enabled for route_design using a maximum of 2 CPUs
Checksum: PlaceDB: 8d0a49cd ConstDB: 0 ShapeSum: a541284c RouteDB: 0

Phase 1 Build RT Design
Phase 1 Build RT Design | Checksum: 18b87e919

Time (s): cpu = 00:00:57 ; elapsed = 00:00:51 . Memory (MB): peak = 1199.070 ; gain = 178.762
Post Restoration Checksum: NetGraph: 9802eea6 NumContArr: f384fa73 Constraints: 0 Timing: 0

Phase 2 Router Initialization

Phase 2.1 Create Timer
Phase 2.1 Create Timer | Checksum: 18b87e919

Time (s): cpu = 00:00:57 ; elapsed = 00:00:51 . Memory (MB): peak = 1199.070 ; gain = 178.762

Phase 2.2 Fix Topology Constraints
Phase 2.2 Fix Topology Constraints | Checksum: 18b87e919

Time (s): cpu = 00:00:57 ; elapsed = 00:00:51 . Memory (MB): peak = 1203.355 ; gain = 183.047

Phase 2.3 Pre Route Cleanup
Phase 2.3 Pre Route Cleanup | Checksum: 18b87e919

Time (s): cpu = 00:00:57 ; elapsed = 00:00:51 . Memory (MB): peak = 1203.355 ; gain = 183.047
 Number of Nodes with overlaps = 0

Phase 2.4 Update Timing
Phase 2.4 Update Timing | Checksum: 17b94a41f

Time (s): cpu = 00:00:57 ; elapsed = 00:00:51 . Memory (MB): peak = 1228.016 ; gain = 207.707
INFO: [Route 35-416] Intermediate Timing Summary | WNS=0.000  | TNS=0.000  | WHS=3.498  | THS=0.000  |

Phase 2 Router Initialization | Checksum: 1a3460388

Time (s): cpu = 00:00:57 ; elapsed = 00:00:51 . Memory (MB): peak = 1228.016 ; gain = 207.707

Phase 3 Initial Routing
 Number of Nodes with overlaps = 0
Phase 3 Initial Routing | Checksum: f6f75282

Time (s): cpu = 00:00:58 ; elapsed = 00:00:52 . Memory (MB): peak = 1228.016 ; gain = 207.707

Phase 4 Rip-up And Reroute

Phase 4.1 Global Iteration 0
INFO: [Route 35-416] Intermediate Timing Summary | WNS=0.000  | TNS=0.000  | WHS=N/A    | THS=N/A    |

Phase 4.1 Global Iteration 0 | Checksum: 1cc1cec7f

Time (s): cpu = 00:00:58 ; elapsed = 00:00:52 . Memory (MB): peak = 1228.016 ; gain = 207.707
Phase 4 Rip-up And Reroute | Checksum: 1cc1cec7f

Time (s): cpu = 00:00:58 ; elapsed = 00:00:52 . Memory (MB): peak = 1228.016 ; gain = 207.707

Phase 5 Delay and Skew Optimization

Phase 5.1 Delay CleanUp

Phase 5.1.1 Update Timing
Phase 5.1.1 Update Timing | Checksum: 1cc1cec7f

Time (s): cpu = 00:00:58 ; elapsed = 00:00:52 . Memory (MB): peak = 1228.016 ; gain = 207.707
INFO: [Route 35-416] Intermediate Timing Summary | WNS=0.000  | TNS=0.000  | WHS=N/A    | THS=N/A    |

Phase 5.1 Delay CleanUp | Checksum: 1cc1cec7f

Time (s): cpu = 00:00:58 ; elapsed = 00:00:52 . Memory (MB): peak = 1228.016 ; gain = 207.707

Phase 5.2 Clock Skew Optimization
Phase 5.2 Clock Skew Optimization | Checksum: 1cc1cec7f

Time (s): cpu = 00:00:58 ; elapsed = 00:00:52 . Memory (MB): peak = 1228.016 ; gain = 207.707
Phase 5 Delay and Skew Optimization | Checksum: 1cc1cec7f

Time (s): cpu = 00:00:58 ; elapsed = 00:00:52 . Memory (MB): peak = 1228.016 ; gain = 207.707

Phase 6 Post Hold Fix

Phase 6.1 Hold Fix Iter

Phase 6.1.1 Update Timing
Phase 6.1.1 Update Timing | Checksum: 13ffda87f

Time (s): cpu = 00:00:58 ; elapsed = 00:00:52 . Memory (MB): peak = 1228.016 ; gain = 207.707
INFO: [Route 35-416] Intermediate Timing Summary | WNS=0.000  | TNS=0.000  | WHS=3.427  | THS=0.000  |

Phase 6.1 Hold Fix Iter | Checksum: 13ffda87f

Time (s): cpu = 00:00:58 ; elapsed = 00:00:52 . Memory (MB): peak = 1228.016 ; gain = 207.707
Phase 6 Post Hold Fix | Checksum: 13ffda87f

Time (s): cpu = 00:00:58 ; elapsed = 00:00:52 . Memory (MB): peak = 1228.016 ; gain = 207.707

Phase 7 Route finalize

Router Utilization Summary
  Global Vertical Routing Utilization    = 0.000883903 %
  Global Horizontal Routing Utilization  = 0.000943396 %
  Routable Net Status*
  *Does not include unroutable nets such as driverless and loadless.
  Run report_route_status for detailed report.
  Number of Failed Nets               = 0
  Number of Unrouted Nets             = 0
  Number of Partially Routed Nets     = 0
  Number of Node Overlaps             = 0

Phase 7 Route finalize | Checksum: 13ffda87f

Time (s): cpu = 00:00:58 ; elapsed = 00:00:52 . Memory (MB): peak = 1228.016 ; gain = 207.707

Phase 8 Verifying routed nets

 Verification completed successfully
Phase 8 Verifying routed nets | Checksum: 13ffda87f

Time (s): cpu = 00:00:58 ; elapsed = 00:00:52 . Memory (MB): peak = 1228.016 ; gain = 207.707

Phase 9 Depositing Routes
Phase 9 Depositing Routes | Checksum: 1ac6dbffc

Time (s): cpu = 00:00:58 ; elapsed = 00:00:52 . Memory (MB): peak = 1228.016 ; gain = 207.707

Phase 10 Post Router Timing
INFO: [Route 35-57] Estimated Timing Summary | WNS=0.000  | TNS=0.000  | WHS=3.427  | THS=0.000  |

INFO: [Route 35-327] The final timing numbers are based on the router estimated timing analysis. For a complete and accurate timing signoff, please run report_timing_summary.
Phase 10 Post Router Timing | Checksum: 1ac6dbffc

Time (s): cpu = 00:00:58 ; elapsed = 00:00:52 . Memory (MB): peak = 1228.016 ; gain = 207.707
INFO: [Route 35-16] Router Completed Successfully

Time (s): cpu = 00:00:58 ; elapsed = 00:00:52 . Memory (MB): peak = 1228.016 ; gain = 207.707

Routing Is Done.
INFO: [Common 17-83] Releasing license: Implementation
65 Infos, 0 Warnings, 0 Critical Warnings and 0 Errors encountered.
route_design completed successfully
route_design: Time (s): cpu = 00:01:00 ; elapsed = 00:00:53 . Memory (MB): peak = 1228.016 ; gain = 207.707
INFO: [Timing 38-480] Writing timing data to binary archive.
Writing placer database...
Writing XDEF routing.
Writing XDEF routing logical nets.
Writing XDEF routing special nets.
Write XDEF Complete: Time (s): cpu = 00:00:00 ; elapsed = 00:00:00.191 . Memory (MB): peak = 1228.016 ; gain = 0.000
INFO: [Common 17-1381] The checkpoint 'E:/previous assignments/DigitalSystemsAndMicroprocessors/assignment2_revised/demos/Solutions/Solution3b/Solution3b.runs/impl_1/ram_memory_routed.dcp' has been generated.
INFO: [runtcl-4] Executing : report_drc -file ram_memory_drc_routed.rpt -pb ram_memory_drc_routed.pb -rpx ram_memory_drc_routed.rpx
Command: report_drc -file ram_memory_drc_routed.rpt -pb ram_memory_drc_routed.pb -rpx ram_memory_drc_routed.rpx
INFO: [DRC 23-27] Running DRC with 2 threads
INFO: [Coretcl 2-168] The results of DRC are in file E:/previous assignments/DigitalSystemsAndMicroprocessors/assignment2_revised/demos/Solutions/Solution3b/Solution3b.runs/impl_1/ram_memory_drc_routed.rpt.
report_drc completed successfully
INFO: [runtcl-4] Executing : report_methodology -file ram_memory_methodology_drc_routed.rpt -pb ram_memory_methodology_drc_routed.pb -rpx ram_memory_methodology_drc_routed.rpx
Command: report_methodology -file ram_memory_methodology_drc_routed.rpt -pb ram_memory_methodology_drc_routed.pb -rpx ram_memory_methodology_drc_routed.rpx
INFO: [Timing 38-35] Done setting XDC timing constraints.
INFO: [Timing 38-35] Done setting XDC timing constraints.
INFO: [DRC 23-133] Running Methodology with 2 threads
INFO: [Coretcl 2-1520] The results of Report Methodology are in file E:/previous assignments/DigitalSystemsAndMicroprocessors/assignment2_revised/demos/Solutions/Solution3b/Solution3b.runs/impl_1/ram_memory_methodology_drc_routed.rpt.
report_methodology completed successfully
INFO: [runtcl-4] Executing : report_power -file ram_memory_power_routed.rpt -pb ram_memory_power_summary_routed.pb -rpx ram_memory_power_routed.rpx
Command: report_power -file ram_memory_power_routed.rpt -pb ram_memory_power_summary_routed.pb -rpx ram_memory_power_routed.rpx
INFO: [Timing 38-35] Done setting XDC timing constraints.
Running Vector-less Activity Propagation...

Finished Running Vector-less Activity Propagation
77 Infos, 0 Warnings, 0 Critical Warnings and 0 Errors encountered.
report_power completed successfully
INFO: [runtcl-4] Executing : report_route_status -file ram_memory_route_status.rpt -pb ram_memory_route_status.pb
INFO: [runtcl-4] Executing : report_timing_summary -max_paths 10 -file ram_memory_timing_summary_routed.rpt -pb ram_memory_timing_summary_routed.pb -rpx ram_memory_timing_summary_routed.rpx -warn_on_violation 
INFO: [Timing 38-91] UpdateTimingParams: Speed grade: -2L, Delay Type: min_max, Timing Stage: Requireds.
INFO: [Timing 38-191] Multithreading enabled for timing update using a maximum of 2 CPUs
INFO: [runtcl-4] Executing : report_incremental_reuse -file ram_memory_incremental_reuse_routed.rpt
INFO: [Vivado_Tcl 4-545] No incremental reuse to report, no incremental placement and routing data was found.
INFO: [runtcl-4] Executing : report_clock_utilization -file ram_memory_clock_utilization_routed.rpt
INFO: [runtcl-4] Executing : report_bus_skew -warn_on_violation -file ram_memory_bus_skew_routed.rpt -pb ram_memory_bus_skew_routed.pb -rpx ram_memory_bus_skew_routed.rpx
INFO: [Timing 38-91] UpdateTimingParams: Speed grade: -2L, Delay Type: min_max, Timing Stage: Requireds.
INFO: [Timing 38-191] Multithreading enabled for timing update using a maximum of 2 CPUs
INFO: [Common 17-206] Exiting Vivado at Tue Aug 17 01:28:01 2021...
